2021-01-05 16:39:20,757 - INFO - Script started
2021-01-05 16:39:20,759 - INFO - Loading settings
2021-01-05 16:39:20,760 - INFO - Requesting data
2021-01-05 16:39:20,979 - INFO - Data requested
2021-01-05 16:39:20,979 - INFO - Loading old data
2021-01-05 16:39:20,990 - INFO - Scraping data
2021-01-05 16:39:37,868 - INFO - Script started
2021-01-05 16:39:37,869 - INFO - Loading settings
2021-01-05 16:39:37,869 - INFO - Requesting data
2021-01-05 16:39:38,077 - INFO - Data requested
2021-01-05 16:39:38,077 - INFO - Loading old data
2021-01-05 16:39:38,077 - INFO - Scraping data
2021-01-05 16:39:50,924 - INFO - Script started
2021-01-05 16:39:50,925 - INFO - Loading settings
2021-01-05 16:39:50,932 - INFO - Requesting data
2021-01-05 16:39:51,402 - INFO - Data requested
2021-01-05 16:39:51,402 - INFO - Loading old data
2021-01-05 16:39:51,403 - INFO - Scraping data
2021-01-05 16:40:18,308 - INFO - Script started
2021-01-05 16:40:18,308 - INFO - Loading settings
2021-01-05 16:40:18,309 - INFO - Requesting data
2021-01-05 16:40:18,539 - INFO - Data requested
2021-01-05 16:40:18,539 - INFO - Loading old data
2021-01-05 16:40:18,540 - INFO - Scraping data
2021-01-05 16:40:45,825 - INFO - Script started
2021-01-05 16:40:45,826 - INFO - Loading settings
2021-01-05 16:40:45,826 - INFO - Requesting data
2021-01-05 16:40:46,084 - INFO - Data requested
2021-01-05 16:40:46,084 - INFO - Loading old data
2021-01-05 16:40:46,085 - INFO - Scraping data
2021-01-05 16:41:00,517 - INFO - Script started
2021-01-05 16:41:00,517 - INFO - Loading settings
2021-01-05 16:41:00,518 - INFO - Requesting data
2021-01-05 16:41:00,745 - INFO - Data requested
2021-01-05 16:41:00,745 - INFO - Loading old data
2021-01-05 16:41:00,748 - INFO - Scraping data
2021-01-05 16:41:13,080 - INFO - Script started
2021-01-05 16:41:13,080 - INFO - Loading settings
2021-01-05 16:41:13,081 - INFO - Requesting data
2021-01-05 16:41:13,261 - INFO - Data requested
2021-01-05 16:41:13,261 - INFO - Loading old data
2021-01-05 16:41:13,262 - INFO - Scraping data
2021-01-05 16:41:27,940 - INFO - Script started
2021-01-05 16:41:27,940 - INFO - Loading settings
2021-01-05 16:41:27,941 - INFO - Requesting data
2021-01-05 16:41:28,160 - INFO - Data requested
2021-01-05 16:41:28,160 - INFO - Loading old data
2021-01-05 16:41:28,162 - INFO - Scraping data
2021-01-05 16:41:49,149 - INFO - Script started
2021-01-05 16:41:49,149 - INFO - Loading settings
2021-01-05 16:41:49,150 - INFO - Requesting data
2021-01-05 16:41:49,372 - INFO - Data requested
2021-01-05 16:41:49,372 - INFO - Loading old data
2021-01-05 16:41:49,373 - INFO - Scraping data
2021-01-05 16:42:06,679 - INFO - Script started
2021-01-05 16:42:06,679 - INFO - Loading settings
2021-01-05 16:42:06,680 - INFO - Requesting data
2021-01-05 16:42:06,853 - INFO - Data requested
2021-01-05 16:42:06,853 - INFO - Loading old data
2021-01-05 16:42:06,854 - INFO - Scraping data
2021-01-05 16:42:19,557 - INFO - Script started
2021-01-05 16:42:19,557 - INFO - Loading settings
2021-01-05 16:42:19,557 - INFO - Requesting data
2021-01-05 16:42:19,740 - INFO - Data requested
2021-01-05 16:42:19,740 - INFO - Loading old data
2021-01-05 16:42:19,741 - INFO - Scraping data
2021-01-05 16:42:40,697 - INFO - Script started
2021-01-05 16:42:40,697 - INFO - Loading settings
2021-01-05 16:42:40,697 - INFO - Requesting data
2021-01-05 16:42:40,891 - INFO - Data requested
2021-01-05 16:42:40,891 - INFO - Loading old data
2021-01-05 16:42:40,893 - INFO - Scraping data
2021-01-05 16:42:40,900 - INFO - Data scraped
2021-01-05 16:42:40,900 - INFO - Saving to file
2021-01-05 16:42:40,903 - INFO - Json file saved. Path: C:/Lorenzo/Siti/vaccino-covid19/python_scripts/output/vaccini.json
2021-01-05 16:42:40,904 - INFO - JS file saved. Path: C:/Lorenzo/Siti/vaccino-covid19/python_scripts/output/vaccini.js
2021-01-05 16:42:40,904 - INFO - Script ended
2021-01-05 16:42:52,026 - INFO - Script started
2021-01-05 16:42:52,026 - INFO - Loading settings
2021-01-05 16:42:52,026 - INFO - Requesting data
2021-01-05 16:42:52,249 - INFO - Data requested
2021-01-05 16:42:52,250 - INFO - Loading old data
2021-01-05 16:42:52,257 - INFO - Scraping data
2021-01-05 16:42:52,261 - INFO - Data scraped
2021-01-05 16:42:52,261 - INFO - Saving to file
2021-01-05 16:42:52,264 - INFO - Json file saved. Path: C:/Lorenzo/Siti/vaccino-covid19/python_scripts/output/vaccini.json
2021-01-05 16:42:52,265 - INFO - JS file saved. Path: C:/Lorenzo/Siti/vaccino-covid19/python_scripts/output/vaccini.js
2021-01-05 16:42:52,266 - INFO - Script ended
